<?xml version="1.0" encoding="UTF-8"?>
<!-- Generated by org.testng.reporters.JUnitReportReporter -->
<testsuite skipped="0" hostname="BDC6-DX-3PR4N62" name="seleniumWebDriverProject.OnlineShoppingTest" tests="4" failures="0" timestamp="24 Apr 2019 02:19:29 GMT" time="12.426" errors="0">
  <testcase name="testRegistration" time="2.314" classname="seleniumWebDriverProject.OnlineShoppingTest"/>
  <testcase name="Login" time="0.460" classname="seleniumWebDriverProject.OnlineShoppingTest"/>
  <testcase name="Cart" time="2.071" classname="seleniumWebDriverProject.OnlineShoppingTest"/>
  <testcase name="Payment" time="7.581" classname="seleniumWebDriverProject.OnlineShoppingTest"/>
</testsuite> <!-- seleniumWebDriverProject.OnlineShoppingTest -->
