<?xml version="1.0" encoding="UTF-8"?>
<!-- Generated by org.testng.reporters.JUnitReportReporter -->
<testsuite skipped="0" hostname="BDC6-DX-3PR4N62" name="seleniumWebDriverProject.Testkeyboardactions" tests="1" failures="0" timestamp="19 Apr 2019 09:39:17 GMT" time="17.397" errors="0">
  <testcase name="testKeyboard" time="17.397" classname="seleniumWebDriverProject.Testkeyboardactions"/>
</testsuite> <!-- seleniumWebDriverProject.Testkeyboardactions -->
