<?xml version="1.0" encoding="UTF-8"?>
<!-- Generated by org.testng.reporters.JUnitReportReporter -->
<testsuite skipped="0" hostname="BDC6-DX-3PR4N62" name="seleniumWebDriverProject.Dupilcate" tests="1" failures="0" timestamp="22 Apr 2019 13:40:30 GMT" time="9.204" errors="0">
  <testcase name="testGoogleHomepage" time="9.204" classname="seleniumWebDriverProject.Dupilcate"/>
</testsuite> <!-- seleniumWebDriverProject.Dupilcate -->
