<?xml version="1.0" encoding="UTF-8"?>
<!-- Generated by org.testng.reporters.JUnitReportReporter -->
<testsuite skipped="0" hostname="BDC6-DX-3PR4N62" name="seleniumWebDriverProject.ReadDataExcel" tests="1" failures="0" timestamp="22 Apr 2019 06:30:16 GMT" time="1.042" errors="0">
  <testcase name="testReadExcel" time="1.042" classname="seleniumWebDriverProject.ReadDataExcel"/>
</testsuite> <!-- seleniumWebDriverProject.ReadDataExcel -->
